The system is: Darwin - 12.5.0 - i386
Compiling the C compiler identification source file "CMakeCCompilerId.c" succeeded.
Compiler: clang 
Build flags: 
Id flags: 

The output was:
0
=== BUILD NATIVE TARGET CompilerIdC OF PROJECT CompilerIdC WITH THE DEFAULT CONFIGURATION (Debug) ===
Check dependencies

CompileC ./CompilerIdC.build/Debug/CompilerIdC.build/Objects-normal/i386/CMakeCCompilerId.o CMakeCCompilerId.c normal i386 c com.apple.compilers.llvm.clang.1_0.compiler
    cd /Users/mauricedaverveldt/Projects/llvm/xcode/cpu0/lbd/CMakeFiles/2.8.10.2/CompilerIdC
    setenv LANG en_US.US-ASCII
    /Applications/Xcode.app/Contents/Developer/Toolchains/XcodeDefault.xctoolchain/usr/bin/clang -x c -arch i386 -fmessage-length=0 -Wno-trigraphs -fpascal-strings -Os -Wno-missing-field-initializers -Wno-missing-prototypes -Wno-return-type -Wformat -Wno-missing-braces -Wparentheses -Wswitch -Wno-unused-function -Wno-unused-label -Wno-unused-parameter -Wno-unused-variable -Wunused-value -Wno-empty-body -Wno-uninitialized -Wno-unknown-pragmas -Wno-shadow -Wno-four-char-constants -Wno-conversion -Wno-constant-conversion -Wno-int-conversion -Wno-enum-conversion -Wno-shorten-64-to-32 -Wpointer-sign -Wno-newline-eof -fasm-blocks -fstrict-aliasing -Wdeprecated-declarations -g -fvisibility=hidden -Wno-sign-conversion -I/Users/mauricedaverveldt/Projects/llvm/xcode/cpu0/lbd/CMakeFiles/2.8.10.2/CompilerIdC/./CompilerIdC.build/Debug/CompilerIdC.build/CompilerIdC.hmap -I/Users/mauricedaverveldt/Projects/llvm/xcode/cpu0/lbd/CMakeFiles/2.8.10.2/CompilerIdC/include -I/Applications/Xcode.app/Contents/Developer/Toolchains/XcodeDefault.xctoolchain/usr/include -I/Applications/Xcode.app/Contents/Developer/Toolchains/XcodeDefault.xctoolchain/usr/include -I/Applications/Xcode.app/Contents/Developer/Toolchains/XcodeDefault.xctoolchain/usr/include -I/Users/mauricedaverveldt/Projects/llvm/xcode/cpu0/lbd/CMakeFiles/2.8.10.2/CompilerIdC/./CompilerIdC.build/Debug/CompilerIdC.build/DerivedSources/i386 -I/Users/mauricedaverveldt/Projects/llvm/xcode/cpu0/lbd/CMakeFiles/2.8.10.2/CompilerIdC/./CompilerIdC.build/Debug/CompilerIdC.build/DerivedSources -F/Users/mauricedaverveldt/Projects/llvm/xcode/cpu0/lbd/CMakeFiles/2.8.10.2/CompilerIdC -MMD -MT dependencies -MF /Users/mauricedaverveldt/Projects/llvm/xcode/cpu0/lbd/CMakeFiles/2.8.10.2/CompilerIdC/./CompilerIdC.build/Debug/CompilerIdC.build/Objects-normal/i386/CMakeCCompilerId.d --serialize-diagnostics /Users/mauricedaverveldt/Projects/llvm/xcode/cpu0/lbd/CMakeFiles/2.8.10.2/CompilerIdC/./CompilerIdC.build/Debug/CompilerIdC.build/Objects-normal/i386/CMakeCCompilerId.dia -c /Users/mauricedaverveldt/Projects/llvm/xcode/cpu0/lbd/CMakeFiles/2.8.10.2/CompilerIdC/CMakeCCompilerId.c -o /Users/mauricedaverveldt/Projects/llvm/xcode/cpu0/lbd/CMakeFiles/2.8.10.2/CompilerIdC/./CompilerIdC.build/Debug/CompilerIdC.build/Objects-normal/i386/CMakeCCompilerId.o

Ld ./CompilerIdC normal i386
    cd /Users/mauricedaverveldt/Projects/llvm/xcode/cpu0/lbd/CMakeFiles/2.8.10.2/CompilerIdC
    /Applications/Xcode.app/Contents/Developer/Toolchains/XcodeDefault.xctoolchain/usr/bin/clang -arch i386 -L/Users/mauricedaverveldt/Projects/llvm/xcode/cpu0/lbd/CMakeFiles/2.8.10.2/CompilerIdC -F/Users/mauricedaverveldt/Projects/llvm/xcode/cpu0/lbd/CMakeFiles/2.8.10.2/CompilerIdC -filelist /Users/mauricedaverveldt/Projects/llvm/xcode/cpu0/lbd/CMakeFiles/2.8.10.2/CompilerIdC/./CompilerIdC.build/Debug/CompilerIdC.build/Objects-normal/i386/CompilerIdC.LinkFileList -o /Users/mauricedaverveldt/Projects/llvm/xcode/cpu0/lbd/CMakeFiles/2.8.10.2/CompilerIdC/./CompilerIdC

PhaseScriptExecution "Run Script" ./CompilerIdC.build/Debug/CompilerIdC.build/Script-2C8FEB8E15DC1A1A00E56A5D.sh
    cd /Users/mauricedaverveldt/Projects/llvm/xcode/cpu0/lbd/CMakeFiles/2.8.10.2/CompilerIdC
    /bin/sh -c /Users/mauricedaverveldt/Projects/llvm/xcode/cpu0/lbd/CMakeFiles/2.8.10.2/CompilerIdC/./CompilerIdC.build/Debug/CompilerIdC.build/Script-2C8FEB8E15DC1A1A00E56A5D.sh
GCC_VERSION=com.apple.compilers.llvm.clang.1_0


** BUILD SUCCEEDED **



Compilation of the C compiler identification source "CMakeCCompilerId.c" produced "CompilerIdC"

The C compiler identification is Clang, found in "/Users/mauricedaverveldt/Projects/llvm/xcode/cpu0/lbd/CMakeFiles/2.8.10.2/CompilerIdC/CompilerIdC"

Compiling the CXX compiler identification source file "CMakeCXXCompilerId.cpp" succeeded.
Compiler: clang++ 
Build flags: 
Id flags: 

The output was:
0
=== BUILD NATIVE TARGET CompilerIdCXX OF PROJECT CompilerIdCXX WITH THE DEFAULT CONFIGURATION (Debug) ===
Check dependencies

CompileC ./CompilerIdCXX.build/Debug/CompilerIdCXX.build/Objects-normal/i386/CMakeCXXCompilerId.o CMakeCXXCompilerId.cpp normal i386 c++ com.apple.compilers.llvm.clang.1_0.compiler
    cd /Users/mauricedaverveldt/Projects/llvm/xcode/cpu0/lbd/CMakeFiles/2.8.10.2/CompilerIdCXX
    setenv LANG en_US.US-ASCII
    /Applications/Xcode.app/Contents/Developer/Toolchains/XcodeDefault.xctoolchain/usr/bin/clang -x c++ -arch i386 -fmessage-length=0 -Wno-trigraphs -fpascal-strings -Os -Wno-missing-field-initializers -Wno-missing-prototypes -Wno-return-type -Wno-non-virtual-dtor -Wno-overloaded-virtual -Wno-exit-time-destructors -Wformat -Wno-missing-braces -Wparentheses -Wswitch -Wno-unused-function -Wno-unused-label -Wno-unused-parameter -Wno-unused-variable -Wunused-value -Wno-empty-body -Wno-uninitialized -Wno-unknown-pragmas -Wno-shadow -Wno-four-char-constants -Wno-conversion -Wno-constant-conversion -Wno-int-conversion -Wno-enum-conversion -Wno-shorten-64-to-32 -Wno-newline-eof -Wno-c++11-extensions -fasm-blocks -fstrict-aliasing -Wdeprecated-declarations -Winvalid-offsetof -g -fvisibility=hidden -fvisibility-inlines-hidden -Wno-sign-conversion -I/Users/mauricedaverveldt/Projects/llvm/xcode/cpu0/lbd/CMakeFiles/2.8.10.2/CompilerIdCXX/./CompilerIdCXX.build/Debug/CompilerIdCXX.build/CompilerIdCXX.hmap -I/Users/mauricedaverveldt/Projects/llvm/xcode/cpu0/lbd/CMakeFiles/2.8.10.2/CompilerIdCXX/include -I/Applications/Xcode.app/Contents/Developer/Toolchains/XcodeDefault.xctoolchain/usr/include -I/Applications/Xcode.app/Contents/Developer/Toolchains/XcodeDefault.xctoolchain/usr/include -I/Applications/Xcode.app/Contents/Developer/Toolchains/XcodeDefault.xctoolchain/usr/include -I/Users/mauricedaverveldt/Projects/llvm/xcode/cpu0/lbd/CMakeFiles/2.8.10.2/CompilerIdCXX/./CompilerIdCXX.build/Debug/CompilerIdCXX.build/DerivedSources/i386 -I/Users/mauricedaverveldt/Projects/llvm/xcode/cpu0/lbd/CMakeFiles/2.8.10.2/CompilerIdCXX/./CompilerIdCXX.build/Debug/CompilerIdCXX.build/DerivedSources -F/Users/mauricedaverveldt/Projects/llvm/xcode/cpu0/lbd/CMakeFiles/2.8.10.2/CompilerIdCXX -MMD -MT dependencies -MF /Users/mauricedaverveldt/Projects/llvm/xcode/cpu0/lbd/CMakeFiles/2.8.10.2/CompilerIdCXX/./CompilerIdCXX.build/Debug/CompilerIdCXX.build/Objects-normal/i386/CMakeCXXCompilerId.d --serialize-diagnostics /Users/mauricedaverveldt/Projects/llvm/xcode/cpu0/lbd/CMakeFiles/2.8.10.2/CompilerIdCXX/./CompilerIdCXX.build/Debug/CompilerIdCXX.build/Objects-normal/i386/CMakeCXXCompilerId.dia -c /Users/mauricedaverveldt/Projects/llvm/xcode/cpu0/lbd/CMakeFiles/2.8.10.2/CompilerIdCXX/CMakeCXXCompilerId.cpp -o /Users/mauricedaverveldt/Projects/llvm/xcode/cpu0/lbd/CMakeFiles/2.8.10.2/CompilerIdCXX/./CompilerIdCXX.build/Debug/CompilerIdCXX.build/Objects-normal/i386/CMakeCXXCompilerId.o

Ld ./CompilerIdCXX normal i386
    cd /Users/mauricedaverveldt/Projects/llvm/xcode/cpu0/lbd/CMakeFiles/2.8.10.2/CompilerIdCXX
    /Applications/Xcode.app/Contents/Developer/Toolchains/XcodeDefault.xctoolchain/usr/bin/clang++ -arch i386 -L/Users/mauricedaverveldt/Projects/llvm/xcode/cpu0/lbd/CMakeFiles/2.8.10.2/CompilerIdCXX -F/Users/mauricedaverveldt/Projects/llvm/xcode/cpu0/lbd/CMakeFiles/2.8.10.2/CompilerIdCXX -filelist /Users/mauricedaverveldt/Projects/llvm/xcode/cpu0/lbd/CMakeFiles/2.8.10.2/CompilerIdCXX/./CompilerIdCXX.build/Debug/CompilerIdCXX.build/Objects-normal/i386/CompilerIdCXX.LinkFileList -o /Users/mauricedaverveldt/Projects/llvm/xcode/cpu0/lbd/CMakeFiles/2.8.10.2/CompilerIdCXX/./CompilerIdCXX

PhaseScriptExecution "Run Script" ./CompilerIdCXX.build/Debug/CompilerIdCXX.build/Script-2C8FEB8E15DC1A1A00E56A5D.sh
    cd /Users/mauricedaverveldt/Projects/llvm/xcode/cpu0/lbd/CMakeFiles/2.8.10.2/CompilerIdCXX
    /bin/sh -c /Users/mauricedaverveldt/Projects/llvm/xcode/cpu0/lbd/CMakeFiles/2.8.10.2/CompilerIdCXX/./CompilerIdCXX.build/Debug/CompilerIdCXX.build/Script-2C8FEB8E15DC1A1A00E56A5D.sh
GCC_VERSION=com.apple.compilers.llvm.clang.1_0


** BUILD SUCCEEDED **



Compilation of the CXX compiler identification source "CMakeCXXCompilerId.cpp" produced "CompilerIdCXX"

The CXX compiler identification is Clang, found in "/Users/mauricedaverveldt/Projects/llvm/xcode/cpu0/lbd/CMakeFiles/2.8.10.2/CompilerIdCXX/CompilerIdCXX"

Determining if the C compiler works passed with the following output:
Change Dir: /Users/mauricedaverveldt/Projects/llvm/xcode/cpu0/lbd/CMakeFiles/CMakeTmp

Run Build Command:/Applications/CMake\ 2.8-10.app/Contents/bin/cmakexbuild -project CMAKE_TRY_COMPILE.xcodeproj build -target cmTryCompileExec3519811182 -configuration Debug
=== BUILD NATIVE TARGET cmTryCompileExec3519811182 OF PROJECT CMAKE_TRY_COMPILE WITH CONFIGURATION Debug ===
Check dependencies

CompileC CMAKE_TRY_COMPILE.build/Debug/cmTryCompileExec3519811182.build/Objects-normal/x86_64/testCCompiler.o testCCompiler.c normal x86_64 c com.apple.compilers.llvm.clang.1_0.compiler
    cd /Users/mauricedaverveldt/Projects/llvm/xcode/cpu0/lbd/CMakeFiles/CMakeTmp
    /Applications/Xcode.app/Contents/Developer/Toolchains/XcodeDefault.xctoolchain/usr/bin/clang -x c -arch x86_64 -fmessage-length=0 -Wno-trigraphs -fpascal-strings -O0 -Wno-missing-field-initializers -Wno-missing-prototypes -Wno-return-type -Wformat -Wno-missing-braces -Wparentheses -Wswitch -Wno-unused-function -Wno-unused-label -Wno-unused-parameter -Wno-unused-variable -Wunused-value -Wno-empty-body -Wno-uninitialized -Wno-unknown-pragmas -Wno-shadow -Wno-four-char-constants -Wno-conversion -Wno-constant-conversion -Wno-int-conversion -Wno-enum-conversion -Wno-shorten-64-to-32 -Wpointer-sign -Wno-newline-eof "-DCMAKE_INTDIR=\"Debug\"" -isysroot /Applications/Xcode.app/Contents/Developer/Platforms/MacOSX.platform/Developer/SDKs/MacOSX10.8.sdk -fasm-blocks -fstrict-aliasing -Wdeprecated-declarations -mmacosx-version-min=10.8 -g -Wno-sign-conversion -I/Users/mauricedaverveldt/Projects/llvm/xcode/cpu0/lbd/CMakeFiles/CMakeTmp/Debug/include -I/Applications/Xcode.app/Contents/Developer/Toolchains/XcodeDefault.xctoolchain/usr/include -I/Applications/Xcode.app/Contents/Developer/Toolchains/XcodeDefault.xctoolchain/usr/include -I/Applications/Xcode.app/Contents/Developer/Toolchains/XcodeDefault.xctoolchain/usr/include -I/Users/mauricedaverveldt/Projects/llvm/xcode/cpu0/lbd/CMakeFiles/CMakeTmp/CMAKE_TRY_COMPILE.build/Debug/cmTryCompileExec3519811182.build/DerivedSources/x86_64 -I/Users/mauricedaverveldt/Projects/llvm/xcode/cpu0/lbd/CMakeFiles/CMakeTmp/CMAKE_TRY_COMPILE.build/Debug/cmTryCompileExec3519811182.build/DerivedSources -Wmost -Wno-four-char-constants -Wno-unknown-pragmas -F/Users/mauricedaverveldt/Projects/llvm/xcode/cpu0/lbd/CMakeFiles/CMakeTmp/Debug -MMD -MT dependencies -MF /Users/mauricedaverveldt/Projects/llvm/xcode/cpu0/lbd/CMakeFiles/CMakeTmp/CMAKE_TRY_COMPILE.build/Debug/cmTryCompileExec3519811182.build/Objects-normal/x86_64/testCCompiler.d --serialize-diagnostics /Users/mauricedaverveldt/Projects/llvm/xcode/cpu0/lbd/CMakeFiles/CMakeTmp/CMAKE_TRY_COMPILE.build/Debug/cmTryCompileExec3519811182.build/Objects-normal/x86_64/testCCompiler.dia -c /Users/mauricedaverveldt/Projects/llvm/xcode/cpu0/lbd/CMakeFiles/CMakeTmp/testCCompiler.c -o /Users/mauricedaverveldt/Projects/llvm/xcode/cpu0/lbd/CMakeFiles/CMakeTmp/CMAKE_TRY_COMPILE.build/Debug/cmTryCompileExec3519811182.build/Objects-normal/x86_64/testCCompiler.o

Ld Debug/cmTryCompileExec3519811182 normal x86_64
    cd /Users/mauricedaverveldt/Projects/llvm/xcode/cpu0/lbd/CMakeFiles/CMakeTmp
    /Applications/Xcode.app/Contents/Developer/Toolchains/XcodeDefault.xctoolchain/usr/bin/clang -arch x86_64 -isysroot /Applications/Xcode.app/Contents/Developer/Platforms/MacOSX.platform/Developer/SDKs/MacOSX10.8.sdk -L/Users/mauricedaverveldt/Projects/llvm/xcode/cpu0/lbd/CMakeFiles/CMakeTmp/Debug -F/Users/mauricedaverveldt/Projects/llvm/xcode/cpu0/lbd/CMakeFiles/CMakeTmp/Debug -filelist /Users/mauricedaverveldt/Projects/llvm/xcode/cpu0/lbd/CMakeFiles/CMakeTmp/CMAKE_TRY_COMPILE.build/Debug/cmTryCompileExec3519811182.build/Objects-normal/x86_64/cmTryCompileExec3519811182.LinkFileList -mmacosx-version-min=10.8 -Wl,-search_paths_first -Wl,-headerpad_max_install_names -o /Users/mauricedaverveldt/Projects/llvm/xcode/cpu0/lbd/CMakeFiles/CMakeTmp/Debug/cmTryCompileExec3519811182

PhaseScriptExecution "CMake PostBuild Rules" CMAKE_TRY_COMPILE.build/Debug/cmTryCompileExec3519811182.build/Script-494EF1DBAB8347128BC8ABF5.sh
    cd /Users/mauricedaverveldt/Projects/llvm/xcode/cpu0/lbd/CMakeFiles/CMakeTmp
    /bin/sh -c /Users/mauricedaverveldt/Projects/llvm/xcode/cpu0/lbd/CMakeFiles/CMakeTmp/CMAKE_TRY_COMPILE.build/Debug/cmTryCompileExec3519811182.build/Script-494EF1DBAB8347128BC8ABF5.sh
echo "Depend check for xcode"
Depend check for xcode
cd /Users/mauricedaverveldt/Projects/llvm/xcode/cpu0/lbd/CMakeFiles/CMakeTmp && make -C /Users/mauricedaverveldt/Projects/llvm/xcode/cpu0/lbd/CMakeFiles/CMakeTmp -f /Users/mauricedaverveldt/Projects/llvm/xcode/cpu0/lbd/CMakeFiles/CMakeTmp/CMakeScripts/XCODE_DEPEND_HELPER.make PostBuild.cmTryCompileExec3519811182.Debug
make[1]: Nothing to be done for `PostBuild.cmTryCompileExec3519811182.Debug'.


** BUILD SUCCEEDED **



Detecting C compiler ABI info compiled with the following output:
Change Dir: /Users/mauricedaverveldt/Projects/llvm/xcode/cpu0/lbd/CMakeFiles/CMakeTmp

Run Build Command:/Applications/CMake\ 2.8-10.app/Contents/bin/cmakexbuild -project CMAKE_TRY_COMPILE.xcodeproj build -target cmTryCompileExec2357085399 -configuration Debug
=== BUILD NATIVE TARGET cmTryCompileExec2357085399 OF PROJECT CMAKE_TRY_COMPILE WITH CONFIGURATION Debug ===
Check dependencies

CompileC CMAKE_TRY_COMPILE.build/Debug/cmTryCompileExec2357085399.build/Objects-normal/x86_64/CMakeCCompilerABI.o "../../../../../../../../../Applications/CMake 2.8-10.app/Contents/share/cmake-2.8/Modules/CMakeCCompilerABI.c" normal x86_64 c com.apple.compilers.llvm.clang.1_0.compiler
    cd /Users/mauricedaverveldt/Projects/llvm/xcode/cpu0/lbd/CMakeFiles/CMakeTmp
    /Applications/Xcode.app/Contents/Developer/Toolchains/XcodeDefault.xctoolchain/usr/bin/clang -x c -arch x86_64 -fmessage-length=0 -Wno-trigraphs -fpascal-strings -O0 -Wno-missing-field-initializers -Wno-missing-prototypes -Wno-return-type -Wformat -Wno-missing-braces -Wparentheses -Wswitch -Wno-unused-function -Wno-unused-label -Wno-unused-parameter -Wno-unused-variable -Wunused-value -Wno-empty-body -Wno-uninitialized -Wno-unknown-pragmas -Wno-shadow -Wno-four-char-constants -Wno-conversion -Wno-constant-conversion -Wno-int-conversion -Wno-enum-conversion -Wno-shorten-64-to-32 -Wpointer-sign -Wno-newline-eof "-DCMAKE_INTDIR=\"Debug\"" -isysroot /Applications/Xcode.app/Contents/Developer/Platforms/MacOSX.platform/Developer/SDKs/MacOSX10.8.sdk -fasm-blocks -fstrict-aliasing -Wdeprecated-declarations -mmacosx-version-min=10.8 -g -Wno-sign-conversion -I/Users/mauricedaverveldt/Projects/llvm/xcode/cpu0/lbd/CMakeFiles/CMakeTmp/Debug/include -I/Applications/Xcode.app/Contents/Developer/Toolchains/XcodeDefault.xctoolchain/usr/include -I/Applications/Xcode.app/Contents/Developer/Toolchains/XcodeDefault.xctoolchain/usr/include -I/Applications/Xcode.app/Contents/Developer/Toolchains/XcodeDefault.xctoolchain/usr/include -I/Users/mauricedaverveldt/Projects/llvm/xcode/cpu0/lbd/CMakeFiles/CMakeTmp/CMAKE_TRY_COMPILE.build/Debug/cmTryCompileExec2357085399.build/DerivedSources/x86_64 -I/Users/mauricedaverveldt/Projects/llvm/xcode/cpu0/lbd/CMakeFiles/CMakeTmp/CMAKE_TRY_COMPILE.build/Debug/cmTryCompileExec2357085399.build/DerivedSources -Wmost -Wno-four-char-constants -Wno-unknown-pragmas -F/Users/mauricedaverveldt/Projects/llvm/xcode/cpu0/lbd/CMakeFiles/CMakeTmp/Debug -MMD -MT dependencies -MF /Users/mauricedaverveldt/Projects/llvm/xcode/cpu0/lbd/CMakeFiles/CMakeTmp/CMAKE_TRY_COMPILE.build/Debug/cmTryCompileExec2357085399.build/Objects-normal/x86_64/CMakeCCompilerABI.d --serialize-diagnostics /Users/mauricedaverveldt/Projects/llvm/xcode/cpu0/lbd/CMakeFiles/CMakeTmp/CMAKE_TRY_COMPILE.build/Debug/cmTryCompileExec2357085399.build/Objects-normal/x86_64/CMakeCCompilerABI.dia -c "/Users/mauricedaverveldt/Projects/llvm/xcode/cpu0/lbd/CMakeFiles/CMakeTmp/../../../../../../../../../Applications/CMake 2.8-10.app/Contents/share/cmake-2.8/Modules/CMakeCCompilerABI.c" -o /Users/mauricedaverveldt/Projects/llvm/xcode/cpu0/lbd/CMakeFiles/CMakeTmp/CMAKE_TRY_COMPILE.build/Debug/cmTryCompileExec2357085399.build/Objects-normal/x86_64/CMakeCCompilerABI.o

Ld Debug/cmTryCompileExec2357085399 normal x86_64
    cd /Users/mauricedaverveldt/Projects/llvm/xcode/cpu0/lbd/CMakeFiles/CMakeTmp
    /Applications/Xcode.app/Contents/Developer/Toolchains/XcodeDefault.xctoolchain/usr/bin/clang -arch x86_64 -isysroot /Applications/Xcode.app/Contents/Developer/Platforms/MacOSX.platform/Developer/SDKs/MacOSX10.8.sdk -L/Users/mauricedaverveldt/Projects/llvm/xcode/cpu0/lbd/CMakeFiles/CMakeTmp/Debug -F/Users/mauricedaverveldt/Projects/llvm/xcode/cpu0/lbd/CMakeFiles/CMakeTmp/Debug -filelist /Users/mauricedaverveldt/Projects/llvm/xcode/cpu0/lbd/CMakeFiles/CMakeTmp/CMAKE_TRY_COMPILE.build/Debug/cmTryCompileExec2357085399.build/Objects-normal/x86_64/cmTryCompileExec2357085399.LinkFileList -mmacosx-version-min=10.8 -v -Wl,-search_paths_first -Wl,-headerpad_max_install_names -o /Users/mauricedaverveldt/Projects/llvm/xcode/cpu0/lbd/CMakeFiles/CMakeTmp/Debug/cmTryCompileExec2357085399
Apple LLVM version 4.2 (clang-425.0.28) (based on LLVM 3.2svn)
Target: x86_64-apple-darwin12.5.0
Thread model: posix
 "/Applications/Xcode.app/Contents/Developer/Toolchains/XcodeDefault.xctoolchain/usr/bin/ld" -demangle -dynamic -arch x86_64 -macosx_version_min 10.8.0 -syslibroot /Applications/Xcode.app/Contents/Developer/Platforms/MacOSX.platform/Developer/SDKs/MacOSX10.8.sdk -o /Users/mauricedaverveldt/Projects/llvm/xcode/cpu0/lbd/CMakeFiles/CMakeTmp/Debug/cmTryCompileExec2357085399 -L/Users/mauricedaverveldt/Projects/llvm/xcode/cpu0/lbd/CMakeFiles/CMakeTmp/Debug -filelist /Users/mauricedaverveldt/Projects/llvm/xcode/cpu0/lbd/CMakeFiles/CMakeTmp/CMAKE_TRY_COMPILE.build/Debug/cmTryCompileExec2357085399.build/Objects-normal/x86_64/cmTryCompileExec2357085399.LinkFileList -search_paths_first -headerpad_max_install_names -lSystem /Applications/Xcode.app/Contents/Developer/Toolchains/XcodeDefault.xctoolchain/usr/bin/../lib/clang/4.2/lib/darwin/libclang_rt.osx.a -F/Users/mauricedaverveldt/Projects/llvm/xcode/cpu0/lbd/CMakeFiles/CMakeTmp/Debug

PhaseScriptExecution "CMake PostBuild Rules" CMAKE_TRY_COMPILE.build/Debug/cmTryCompileExec2357085399.build/Script-4E1F752B917B4C3EA88F0F71.sh
    cd /Users/mauricedaverveldt/Projects/llvm/xcode/cpu0/lbd/CMakeFiles/CMakeTmp
    /bin/sh -c /Users/mauricedaverveldt/Projects/llvm/xcode/cpu0/lbd/CMakeFiles/CMakeTmp/CMAKE_TRY_COMPILE.build/Debug/cmTryCompileExec2357085399.build/Script-4E1F752B917B4C3EA88F0F71.sh
echo "Depend check for xcode"
Depend check for xcode
cd /Users/mauricedaverveldt/Projects/llvm/xcode/cpu0/lbd/CMakeFiles/CMakeTmp && make -C /Users/mauricedaverveldt/Projects/llvm/xcode/cpu0/lbd/CMakeFiles/CMakeTmp -f /Users/mauricedaverveldt/Projects/llvm/xcode/cpu0/lbd/CMakeFiles/CMakeTmp/CMakeScripts/XCODE_DEPEND_HELPER.make PostBuild.cmTryCompileExec2357085399.Debug
make[1]: Nothing to be done for `PostBuild.cmTryCompileExec2357085399.Debug'.


** BUILD SUCCEEDED **



Determining if the CXX compiler works passed with the following output:
Change Dir: /Users/mauricedaverveldt/Projects/llvm/xcode/cpu0/lbd/CMakeFiles/CMakeTmp

Run Build Command:/Applications/CMake\ 2.8-10.app/Contents/bin/cmakexbuild -project CMAKE_TRY_COMPILE.xcodeproj build -target cmTryCompileExec1290905295 -configuration Debug
=== BUILD NATIVE TARGET cmTryCompileExec1290905295 OF PROJECT CMAKE_TRY_COMPILE WITH CONFIGURATION Debug ===
Check dependencies

CompileC CMAKE_TRY_COMPILE.build/Debug/cmTryCompileExec1290905295.build/Objects-normal/x86_64/testCXXCompiler.o testCXXCompiler.cxx normal x86_64 c++ com.apple.compilers.llvm.clang.1_0.compiler
    cd /Users/mauricedaverveldt/Projects/llvm/xcode/cpu0/lbd/CMakeFiles/CMakeTmp
    /Applications/Xcode.app/Contents/Developer/Toolchains/XcodeDefault.xctoolchain/usr/bin/clang -x c++ -arch x86_64 -fmessage-length=0 -Wno-trigraphs -fpascal-strings -O0 -Wno-missing-field-initializers -Wno-missing-prototypes -Wno-return-type -Wno-non-virtual-dtor -Wno-overloaded-virtual -Wno-exit-time-destructors -Wformat -Wno-missing-braces -Wparentheses -Wswitch -Wno-unused-function -Wno-unused-label -Wno-unused-parameter -Wno-unused-variable -Wunused-value -Wno-empty-body -Wno-uninitialized -Wno-unknown-pragmas -Wno-shadow -Wno-four-char-constants -Wno-conversion -Wno-constant-conversion -Wno-int-conversion -Wno-enum-conversion -Wno-shorten-64-to-32 -Wno-newline-eof -Wno-c++11-extensions "-DCMAKE_INTDIR=\"Debug\"" -isysroot /Applications/Xcode.app/Contents/Developer/Platforms/MacOSX.platform/Developer/SDKs/MacOSX10.8.sdk -fasm-blocks -fstrict-aliasing -Wdeprecated-declarations -Winvalid-offsetof -mmacosx-version-min=10.8 -Wno-sign-conversion -I/Users/mauricedaverveldt/Projects/llvm/xcode/cpu0/lbd/CMakeFiles/CMakeTmp/Debug/include -I/Applications/Xcode.app/Contents/Developer/Toolchains/XcodeDefault.xctoolchain/usr/include -I/Applications/Xcode.app/Contents/Developer/Toolchains/XcodeDefault.xctoolchain/usr/include -I/Applications/Xcode.app/Contents/Developer/Toolchains/XcodeDefault.xctoolchain/usr/include -I/Users/mauricedaverveldt/Projects/llvm/xcode/cpu0/lbd/CMakeFiles/CMakeTmp/CMAKE_TRY_COMPILE.build/Debug/cmTryCompileExec1290905295.build/DerivedSources/x86_64 -I/Users/mauricedaverveldt/Projects/llvm/xcode/cpu0/lbd/CMakeFiles/CMakeTmp/CMAKE_TRY_COMPILE.build/Debug/cmTryCompileExec1290905295.build/DerivedSources -Wmost -Wno-four-char-constants -Wno-unknown-pragmas -F/Users/mauricedaverveldt/Projects/llvm/xcode/cpu0/lbd/CMakeFiles/CMakeTmp/Debug -g -MMD -MT dependencies -MF /Users/mauricedaverveldt/Projects/llvm/xcode/cpu0/lbd/CMakeFiles/CMakeTmp/CMAKE_TRY_COMPILE.build/Debug/cmTryCompileExec1290905295.build/Objects-normal/x86_64/testCXXCompiler.d --serialize-diagnostics /Users/mauricedaverveldt/Projects/llvm/xcode/cpu0/lbd/CMakeFiles/CMakeTmp/CMAKE_TRY_COMPILE.build/Debug/cmTryCompileExec1290905295.build/Objects-normal/x86_64/testCXXCompiler.dia -c /Users/mauricedaverveldt/Projects/llvm/xcode/cpu0/lbd/CMakeFiles/CMakeTmp/testCXXCompiler.cxx -o /Users/mauricedaverveldt/Projects/llvm/xcode/cpu0/lbd/CMakeFiles/CMakeTmp/CMAKE_TRY_COMPILE.build/Debug/cmTryCompileExec1290905295.build/Objects-normal/x86_64/testCXXCompiler.o

Ld Debug/cmTryCompileExec1290905295 normal x86_64
    cd /Users/mauricedaverveldt/Projects/llvm/xcode/cpu0/lbd/CMakeFiles/CMakeTmp
    /Applications/Xcode.app/Contents/Developer/Toolchains/XcodeDefault.xctoolchain/usr/bin/clang++ -arch x86_64 -isysroot /Applications/Xcode.app/Contents/Developer/Platforms/MacOSX.platform/Developer/SDKs/MacOSX10.8.sdk -L/Users/mauricedaverveldt/Projects/llvm/xcode/cpu0/lbd/CMakeFiles/CMakeTmp/Debug -F/Users/mauricedaverveldt/Projects/llvm/xcode/cpu0/lbd/CMakeFiles/CMakeTmp/Debug -filelist /Users/mauricedaverveldt/Projects/llvm/xcode/cpu0/lbd/CMakeFiles/CMakeTmp/CMAKE_TRY_COMPILE.build/Debug/cmTryCompileExec1290905295.build/Objects-normal/x86_64/cmTryCompileExec1290905295.LinkFileList -mmacosx-version-min=10.8 -Wl,-search_paths_first -Wl,-headerpad_max_install_names -o /Users/mauricedaverveldt/Projects/llvm/xcode/cpu0/lbd/CMakeFiles/CMakeTmp/Debug/cmTryCompileExec1290905295

PhaseScriptExecution "CMake PostBuild Rules" CMAKE_TRY_COMPILE.build/Debug/cmTryCompileExec1290905295.build/Script-F4BE8F386DFC466DB9190F15.sh
    cd /Users/mauricedaverveldt/Projects/llvm/xcode/cpu0/lbd/CMakeFiles/CMakeTmp
    /bin/sh -c /Users/mauricedaverveldt/Projects/llvm/xcode/cpu0/lbd/CMakeFiles/CMakeTmp/CMAKE_TRY_COMPILE.build/Debug/cmTryCompileExec1290905295.build/Script-F4BE8F386DFC466DB9190F15.sh
echo "Depend check for xcode"
Depend check for xcode
cd /Users/mauricedaverveldt/Projects/llvm/xcode/cpu0/lbd/CMakeFiles/CMakeTmp && make -C /Users/mauricedaverveldt/Projects/llvm/xcode/cpu0/lbd/CMakeFiles/CMakeTmp -f /Users/mauricedaverveldt/Projects/llvm/xcode/cpu0/lbd/CMakeFiles/CMakeTmp/CMakeScripts/XCODE_DEPEND_HELPER.make PostBuild.cmTryCompileExec1290905295.Debug
make[1]: Nothing to be done for `PostBuild.cmTryCompileExec1290905295.Debug'.


** BUILD SUCCEEDED **



Detecting CXX compiler ABI info compiled with the following output:
Change Dir: /Users/mauricedaverveldt/Projects/llvm/xcode/cpu0/lbd/CMakeFiles/CMakeTmp

Run Build Command:/Applications/CMake\ 2.8-10.app/Contents/bin/cmakexbuild -project CMAKE_TRY_COMPILE.xcodeproj build -target cmTryCompileExec2499721658 -configuration Debug
=== BUILD NATIVE TARGET cmTryCompileExec2499721658 OF PROJECT CMAKE_TRY_COMPILE WITH CONFIGURATION Debug ===
Check dependencies

CompileC CMAKE_TRY_COMPILE.build/Debug/cmTryCompileExec2499721658.build/Objects-normal/x86_64/CMakeCXXCompilerABI.o "../../../../../../../../../Applications/CMake 2.8-10.app/Contents/share/cmake-2.8/Modules/CMakeCXXCompilerABI.cpp" normal x86_64 c++ com.apple.compilers.llvm.clang.1_0.compiler
    cd /Users/mauricedaverveldt/Projects/llvm/xcode/cpu0/lbd/CMakeFiles/CMakeTmp
    /Applications/Xcode.app/Contents/Developer/Toolchains/XcodeDefault.xctoolchain/usr/bin/clang -x c++ -arch x86_64 -fmessage-length=0 -Wno-trigraphs -fpascal-strings -O0 -Wno-missing-field-initializers -Wno-missing-prototypes -Wno-return-type -Wno-non-virtual-dtor -Wno-overloaded-virtual -Wno-exit-time-destructors -Wformat -Wno-missing-braces -Wparentheses -Wswitch -Wno-unused-function -Wno-unused-label -Wno-unused-parameter -Wno-unused-variable -Wunused-value -Wno-empty-body -Wno-uninitialized -Wno-unknown-pragmas -Wno-shadow -Wno-four-char-constants -Wno-conversion -Wno-constant-conversion -Wno-int-conversion -Wno-enum-conversion -Wno-shorten-64-to-32 -Wno-newline-eof -Wno-c++11-extensions "-DCMAKE_INTDIR=\"Debug\"" -isysroot /Applications/Xcode.app/Contents/Developer/Platforms/MacOSX.platform/Developer/SDKs/MacOSX10.8.sdk -fasm-blocks -fstrict-aliasing -Wdeprecated-declarations -Winvalid-offsetof -mmacosx-version-min=10.8 -Wno-sign-conversion -I/Users/mauricedaverveldt/Projects/llvm/xcode/cpu0/lbd/CMakeFiles/CMakeTmp/Debug/include -I/Applications/Xcode.app/Contents/Developer/Toolchains/XcodeDefault.xctoolchain/usr/include -I/Applications/Xcode.app/Contents/Developer/Toolchains/XcodeDefault.xctoolchain/usr/include -I/Applications/Xcode.app/Contents/Developer/Toolchains/XcodeDefault.xctoolchain/usr/include -I/Users/mauricedaverveldt/Projects/llvm/xcode/cpu0/lbd/CMakeFiles/CMakeTmp/CMAKE_TRY_COMPILE.build/Debug/cmTryCompileExec2499721658.build/DerivedSources/x86_64 -I/Users/mauricedaverveldt/Projects/llvm/xcode/cpu0/lbd/CMakeFiles/CMakeTmp/CMAKE_TRY_COMPILE.build/Debug/cmTryCompileExec2499721658.build/DerivedSources -Wmost -Wno-four-char-constants -Wno-unknown-pragmas -F/Users/mauricedaverveldt/Projects/llvm/xcode/cpu0/lbd/CMakeFiles/CMakeTmp/Debug -g -MMD -MT dependencies -MF /Users/mauricedaverveldt/Projects/llvm/xcode/cpu0/lbd/CMakeFiles/CMakeTmp/CMAKE_TRY_COMPILE.build/Debug/cmTryCompileExec2499721658.build/Objects-normal/x86_64/CMakeCXXCompilerABI.d --serialize-diagnostics /Users/mauricedaverveldt/Projects/llvm/xcode/cpu0/lbd/CMakeFiles/CMakeTmp/CMAKE_TRY_COMPILE.build/Debug/cmTryCompileExec2499721658.build/Objects-normal/x86_64/CMakeCXXCompilerABI.dia -c "/Users/mauricedaverveldt/Projects/llvm/xcode/cpu0/lbd/CMakeFiles/CMakeTmp/../../../../../../../../../Applications/CMake 2.8-10.app/Contents/share/cmake-2.8/Modules/CMakeCXXCompilerABI.cpp" -o /Users/mauricedaverveldt/Projects/llvm/xcode/cpu0/lbd/CMakeFiles/CMakeTmp/CMAKE_TRY_COMPILE.build/Debug/cmTryCompileExec2499721658.build/Objects-normal/x86_64/CMakeCXXCompilerABI.o

Ld Debug/cmTryCompileExec2499721658 normal x86_64
    cd /Users/mauricedaverveldt/Projects/llvm/xcode/cpu0/lbd/CMakeFiles/CMakeTmp
    /Applications/Xcode.app/Contents/Developer/Toolchains/XcodeDefault.xctoolchain/usr/bin/clang++ -arch x86_64 -isysroot /Applications/Xcode.app/Contents/Developer/Platforms/MacOSX.platform/Developer/SDKs/MacOSX10.8.sdk -L/Users/mauricedaverveldt/Projects/llvm/xcode/cpu0/lbd/CMakeFiles/CMakeTmp/Debug -F/Users/mauricedaverveldt/Projects/llvm/xcode/cpu0/lbd/CMakeFiles/CMakeTmp/Debug -filelist /Users/mauricedaverveldt/Projects/llvm/xcode/cpu0/lbd/CMakeFiles/CMakeTmp/CMAKE_TRY_COMPILE.build/Debug/cmTryCompileExec2499721658.build/Objects-normal/x86_64/cmTryCompileExec2499721658.LinkFileList -mmacosx-version-min=10.8 -v -Wl,-search_paths_first -Wl,-headerpad_max_install_names -o /Users/mauricedaverveldt/Projects/llvm/xcode/cpu0/lbd/CMakeFiles/CMakeTmp/Debug/cmTryCompileExec2499721658
Apple LLVM version 4.2 (clang-425.0.28) (based on LLVM 3.2svn)
Target: x86_64-apple-darwin12.5.0
Thread model: posix
 "/Applications/Xcode.app/Contents/Developer/Toolchains/XcodeDefault.xctoolchain/usr/bin/ld" -demangle -dynamic -arch x86_64 -macosx_version_min 10.8.0 -syslibroot /Applications/Xcode.app/Contents/Developer/Platforms/MacOSX.platform/Developer/SDKs/MacOSX10.8.sdk -o /Users/mauricedaverveldt/Projects/llvm/xcode/cpu0/lbd/CMakeFiles/CMakeTmp/Debug/cmTryCompileExec2499721658 -L/Users/mauricedaverveldt/Projects/llvm/xcode/cpu0/lbd/CMakeFiles/CMakeTmp/Debug -filelist /Users/mauricedaverveldt/Projects/llvm/xcode/cpu0/lbd/CMakeFiles/CMakeTmp/CMAKE_TRY_COMPILE.build/Debug/cmTryCompileExec2499721658.build/Objects-normal/x86_64/cmTryCompileExec2499721658.LinkFileList -search_paths_first -headerpad_max_install_names -lstdc++ -lSystem /Applications/Xcode.app/Contents/Developer/Toolchains/XcodeDefault.xctoolchain/usr/bin/../lib/clang/4.2/lib/darwin/libclang_rt.osx.a -F/Users/mauricedaverveldt/Projects/llvm/xcode/cpu0/lbd/CMakeFiles/CMakeTmp/Debug

PhaseScriptExecution "CMake PostBuild Rules" CMAKE_TRY_COMPILE.build/Debug/cmTryCompileExec2499721658.build/Script-49F37B77480E4F80906B62AF.sh
    cd /Users/mauricedaverveldt/Projects/llvm/xcode/cpu0/lbd/CMakeFiles/CMakeTmp
    /bin/sh -c /Users/mauricedaverveldt/Projects/llvm/xcode/cpu0/lbd/CMakeFiles/CMakeTmp/CMAKE_TRY_COMPILE.build/Debug/cmTryCompileExec2499721658.build/Script-49F37B77480E4F80906B62AF.sh
echo "Depend check for xcode"
Depend check for xcode
cd /Users/mauricedaverveldt/Projects/llvm/xcode/cpu0/lbd/CMakeFiles/CMakeTmp && make -C /Users/mauricedaverveldt/Projects/llvm/xcode/cpu0/lbd/CMakeFiles/CMakeTmp -f /Users/mauricedaverveldt/Projects/llvm/xcode/cpu0/lbd/CMakeFiles/CMakeTmp/CMakeScripts/XCODE_DEPEND_HELPER.make PostBuild.cmTryCompileExec2499721658.Debug
make[1]: Nothing to be done for `PostBuild.cmTryCompileExec2499721658.Debug'.


** BUILD SUCCEEDED **



